<?xml version="1.0" encoding="UTF-8"?>
<!-- Generated by org.testng.reporters.JUnitXMLReporter -->
<testsuite hostname="Silvana" ignored="0" name="Draft mail tests" tests="2" failures="0" timestamp="2020-02-14T19:09:22 EET" time="9.235" errors="0">
  <testcase name="deletedDraftMailAppearedInDeletedTabTest" time="2.68" classname="com.itacademy.tests.mail.DraftMailTest"/>
  <testcase name="deletedFromDeletedTabMailCompletelyGone" time="0.526" classname="com.itacademy.tests.mail.DraftMailTest"/>
</testsuite> <!-- Draft mail tests -->
