<?xml version="1.0" encoding="UTF-8"?>
<!-- Generated by org.testng.reporters.JUnitXMLReporter -->
<testsuite hostname="Silvana" ignored="0" name="Sending not full mail tests" tests="3" failures="0" timestamp="2020-02-07T10:26:09 EET" time="22.699" errors="0">
  <testcase name="negativeMailTest" time="6.019" classname="com.itacademy.tests.SendingNotFullMailTest"/>
  <testcase name="sentNotFullMailAppearedInSentTabTest" time="14.861" classname="com.itacademy.tests.SendingNotFullMailTest"/>
  <testcase name="sentMailAppearedInIncomingTabTest" time="0.154" classname="com.itacademy.tests.SendingNotFullMailTest"/>
</testsuite> <!-- Sending not full mail tests -->
