<?xml version="1.0" encoding="UTF-8"?>
<!-- Generated by org.testng.reporters.JUnitXMLReporter -->
<testsuite hostname="Silvana" ignored="0" name="Sending mail tests" tests="2" failures="0" timestamp="2020-02-14T19:08:52 EET" time="15.316" errors="0">
  <testcase name="sentMailAppearedInSentTabTest" time="10.064" classname="com.itacademy.tests.mail.SendingMailTest"/>
  <testcase name="sentMailAppearedInIncomingTabTest" time="0.146" classname="com.itacademy.tests.mail.SendingMailTest"/>
</testsuite> <!-- Sending mail tests -->
