<?xml version="1.0" encoding="UTF-8"?>
<!-- Generated by org.testng.reporters.JUnitXMLReporter -->
<testsuite hostname="Silvana" ignored="0" name="Sending mail tests" tests="2" failures="0" timestamp="2020-02-11T19:52:44 EET" time="24.225" errors="0">
  <testcase name="sentMailAppearedInSentTabTest" time="16.217" classname="com.itacademy.tests.mail.SendingMailTest"/>
  <testcase name="sentMailAppearedInIncomingTabTest" time="0.148" classname="com.itacademy.tests.mail.SendingMailTest"/>
</testsuite> <!-- Sending mail tests -->
