<?xml version="1.0" encoding="UTF-8"?>
<!-- Generated by org.testng.reporters.JUnitXMLReporter -->
<testsuite hostname="Silvana" ignored="0" name="Sending not full mail tests" tests="3" failures="0" timestamp="2020-02-14T19:09:13 EET" time="20.718" errors="0">
  <testcase name="negativeMailTest" time="2.735" classname="com.itacademy.tests.mail.SendingNotFullMailTest"/>
  <testcase name="sentNotFullMailAppearedInSentTabTest" time="13.004" classname="com.itacademy.tests.mail.SendingNotFullMailTest"/>
  <testcase name="sentMailAppearedInIncomingTabTest" time="0.175" classname="com.itacademy.tests.mail.SendingNotFullMailTest"/>
</testsuite> <!-- Sending not full mail tests -->
