<?xml version="1.0" encoding="UTF-8"?>
<testng-results skipped="0" failed="0" ignored="0" total="1" passed="1">
  <reporter-output>
  </reporter-output>
  <suite name="Testing cloud suite" duration-ms="6925" started-at="2020-02-13T21:30:16 MSK" finished-at="2020-02-13T21:30:23 MSK">
    <groups>
    </groups>
    <test name="Share element tests" duration-ms="6925" started-at="2020-02-13T21:30:16 MSK" finished-at="2020-02-13T21:30:23 MSK">
      <class name="com.itacademy.tests.cloud.CloudShareTest">
        <test-method status="PASS" signature="openBrowser()[pri:0, instance:com.itacademy.tests.cloud.CloudShareTest@5dfcfece]" name="openBrowser" is-config="true" duration-ms="10369" started-at="2020-02-13T21:30:06 MSK" finished-at="2020-02-13T21:30:16 MSK">
          <reporter-output>
          </reporter-output>
        </test-method> <!-- openBrowser -->
        <test-method status="PASS" signature="setUp()[pri:0, instance:com.itacademy.tests.cloud.CloudShareTest@5dfcfece]" name="setUp" is-config="true" duration-ms="2971" started-at="2020-02-13T21:30:16 MSK" finished-at="2020-02-13T21:30:19 MSK">
          <reporter-output>
          </reporter-output>
        </test-method> <!-- setUp -->
        <test-method status="PASS" signature="sharingElementTest()[pri:0, instance:com.itacademy.tests.cloud.CloudShareTest@5dfcfece]" name="sharingElementTest" duration-ms="3910" started-at="2020-02-13T21:30:19 MSK" finished-at="2020-02-13T21:30:23 MSK">
          <reporter-output>
          </reporter-output>
        </test-method> <!-- sharingElementTest -->
        <test-method status="PASS" signature="closeBrowser()[pri:0, instance:com.itacademy.tests.cloud.CloudShareTest@5dfcfece]" name="closeBrowser" is-config="true" duration-ms="4883" started-at="2020-02-13T21:30:23 MSK" finished-at="2020-02-13T21:30:28 MSK">
          <reporter-output>
          </reporter-output>
        </test-method> <!-- closeBrowser -->
      </class> <!-- com.itacademy.tests.cloud.CloudShareTest -->
    </test> <!-- Share element tests -->
  </suite> <!-- Testing cloud suite -->
</testng-results>
