<?xml version="1.0" encoding="UTF-8"?>
<!-- Generated by org.testng.reporters.JUnitXMLReporter -->
<testsuite hostname="Silvana" ignored="0" name="Creating folder tests" tests="2" failures="0" timestamp="2020-02-12T13:31:51 EET" time="8.099" errors="0">
  <testcase name="creatingFolderTest" time="4.638" classname="com.itacademy.tests.cloud.CloudFolderTest"/>
  <testcase name="deletingFolderTest" time="0.371" classname="com.itacademy.tests.cloud.CloudFolderTest"/>
</testsuite> <!-- Creating folder tests -->
